--------------------------------------------------------------------------------
      name:  <unnamed>
       log:  /Users/annieyaeger/Desktop/disability_disaster_response/stata/disd0
> 1_import.log
  log type:  text
 opened on:   8 Jul 2024, 11:46:12

. 
. //  github:             disability_disaster_response
. 
. //  author:             Annie Yaeger 
. 
. ***--------------------------***
. // PROGRAM SETUP
. ***--------------------------***
. 
. version 18 

. set linesize 80

. clear all

. set more off

. 
. ***--------------------------***
. // IMPORT SURVEY DATA
. ***--------------------------***
. 
. import excel $data/survey_data_merged_cells.xlsx, sheet("2021 NHS General Data
> ") firstrow
(363 vars, 7,197 obs)

. 
. save $data/2021_NHS_general_data.dta, replace
file ~/Desktop/disability_disaster_response/data/2021_NHS_general_data.dta
    saved

. 
. ***--------------------------***
. log close 
      name:  <unnamed>
       log:  /Users/annieyaeger/Desktop/disability_disaster_response/stata/disd0
> 1_import.log
  log type:  text
 closed on:   8 Jul 2024, 11:46:17
--------------------------------------------------------------------------------
